<?xml version="1.0" encoding="UTF-8"?>
<!-- Generated by org.testng.reporters.JUnitXMLReporter -->
<testsuite ignored="0" hostname="AmanYadav" failures="0" tests="6" name="Default test" time="153.767" errors="0" timestamp="2025-07-15T11:49:31 IST">
  <testcase classname="testCases.testCases_ForgotPassword" name="emailSentMessageMerchant" time="8.225"/>
  <testcase classname="testCases.testCases_ForgotPassword" name="emailErrorMessageMerchant" time="8.32"/>
  <testcase classname="testCases.testCases_ForgotPassword" name="invalidEmailFormatMerchant" time="7.204"/>
  <testcase classname="testCases.testCases_ForgotPassword" name="blankEmailMerchant" time="7.206"/>
  <testcase classname="testCases.testCases_ForgotPassword" name="validateResetLinkReceivedInEmailMerchant" time="26.094"/>
  <testcase classname="testCases.testCases_ForgotPassword" name="validateResetEmailTitleAndBodyMerchant" time="5.673"/>
</testsuite> <!-- Default test -->
