<?xml version="1.0" encoding="UTF-8"?>
<testng-results ignored="0" total="1" passed="1" failed="0" skipped="0">
  <reporter-output>
  </reporter-output>
  <suite started-at="2025-07-28T16:18:04 IST" name="Default suite" finished-at="2025-07-28T16:18:10 IST" duration-ms="6044">
    <groups>
    </groups>
    <test started-at="2025-07-28T16:18:04 IST" name="Default test" finished-at="2025-07-28T16:18:10 IST" duration-ms="6044">
      <class name="api.testCases.TestCase_ProfitGenerateViewReport">
        <test-method is-config="true" signature="setup()[pri:0, instance:api.testCases.TestCase_ProfitGenerateViewReport@279fedbd]" started-at="2025-07-28T16:18:04 IST" name="setup" finished-at="2025-07-28T16:18:04 IST" duration-ms="8" status="PASS">
          <reporter-output>
          </reporter-output>
        </test-method> <!-- setup -->
        <test-method signature="profitGenrateViewReport()[pri:1, instance:api.testCases.TestCase_ProfitGenerateViewReport@279fedbd]" started-at="2025-07-28T16:18:04 IST" name="profitGenrateViewReport" finished-at="2025-07-28T16:18:10 IST" duration-ms="6002" status="PASS">
          <reporter-output>
          </reporter-output>
        </test-method> <!-- profitGenrateViewReport -->
      </class> <!-- api.testCases.TestCase_ProfitGenerateViewReport -->
    </test> <!-- Default test -->
  </suite> <!-- Default suite -->
</testng-results>
