<?xml version="1.0" encoding="UTF-8"?>
<testng-results ignored="0" total="1" passed="1" failed="0" skipped="0">
  <reporter-output>
  </reporter-output>
  <suite started-at="2025-07-18T11:40:24 IST" name="Default suite" finished-at="2025-07-18T11:40:28 IST" duration-ms="4715">
    <groups>
    </groups>
    <test started-at="2025-07-18T11:40:24 IST" name="Default test" finished-at="2025-07-18T11:40:28 IST" duration-ms="4715">
      <class name="api.testCases.TestCase_AdminLogin">
        <test-method is-config="true" signature="setUp()[pri:0, instance:api.testCases.TestCase_AdminLogin@279fedbd]" started-at="2025-07-18T11:40:24 IST" name="setUp" finished-at="2025-07-18T11:40:24 IST" duration-ms="9" status="PASS">
          <reporter-output>
          </reporter-output>
        </test-method> <!-- setUp -->
        <test-method signature="LoginAdmin()[pri:1, instance:api.testCases.TestCase_AdminLogin@279fedbd]" started-at="2025-07-18T11:40:24 IST" name="LoginAdmin" finished-at="2025-07-18T11:40:28 IST" duration-ms="4673" status="PASS">
          <reporter-output>
          </reporter-output>
        </test-method> <!-- LoginAdmin -->
      </class> <!-- api.testCases.TestCase_AdminLogin -->
    </test> <!-- Default test -->
  </suite> <!-- Default suite -->
</testng-results>
