<?xml version="1.0" encoding="UTF-8"?>
<!-- Generated by org.testng.reporters.JUnitReportReporter -->
<testsuite hostname="AmanYadav" failures="2" tests="23" name="testCases.testCases_MerchantLogin" time="448.383" errors="0" timestamp="2025-07-14T11:31:57 IST" skipped="0">
  <testcase classname="testCases.testCases_MerchantLogin" name="validatingCorrectPage" time="25.102"/>
  <testcase classname="testCases.testCases_MerchantLogin" name="quickveeLogoDisplay" time="17.301"/>
  <testcase classname="testCases.testCases_MerchantLogin" name="loginValidCredential" time="21.931"/>
  <testcase classname="testCases.testCases_MerchantLogin" name="loginInValidCredential" time="12.674"/>
  <testcase classname="testCases.testCases_MerchantLogin" name="invalidEmail" time="21.496">
    <failure message="expected [Incorrect Username &amp; Password] but found []" type="java.lang.AssertionError">
      <![CDATA[java.lang.AssertionError: expected [Incorrect Username & Password] but found []
at org.testng.Assert.fail(Assert.java:111)
at org.testng.Assert.failNotEquals(Assert.java:1590)
at org.testng.Assert.assertEqualsImpl(Assert.java:150)
at org.testng.Assert.assertEquals(Assert.java:132)
at org.testng.Assert.assertEquals(Assert.java:656)
at org.testng.Assert.assertEquals(Assert.java:666)
at testCases.testCases_MerchantLogin.invalidEmail(testCases_MerchantLogin.java:228)
at java.base/jdk.internal.reflect.DirectMethodHandleAccessor.invoke(DirectMethodHandleAccessor.java:103)
at java.base/java.lang.reflect.Method.invoke(Method.java:580)
at org.testng.internal.invokers.MethodInvocationHelper.invokeMethod(MethodInvocationHelper.java:141)
at org.testng.internal.invokers.TestInvoker.invokeMethod(TestInvoker.java:687)
at org.testng.internal.invokers.TestInvoker.invokeTestMethod(TestInvoker.java:230)
at org.testng.internal.invokers.MethodRunner.runInSequence(MethodRunner.java:63)
at org.testng.internal.invokers.TestInvoker$MethodInvocationAgent.invoke(TestInvoker.java:995)
at org.testng.internal.invokers.TestInvoker.invokeTestMethods(TestInvoker.java:203)
at org.testng.internal.invokers.TestMethodWorker.invokeTestMethods(TestMethodWorker.java:154)
at org.testng.internal.invokers.TestMethodWorker.run(TestMethodWorker.java:134)
at java.base/java.util.ArrayList.forEach(ArrayList.java:1596)
at org.testng.TestRunner.privateRun(TestRunner.java:741)
at org.testng.TestRunner.run(TestRunner.java:616)
at org.testng.SuiteRunner.runTest(SuiteRunner.java:421)
at org.testng.SuiteRunner.runSequentially(SuiteRunner.java:413)
at org.testng.SuiteRunner.privateRun(SuiteRunner.java:373)
at org.testng.SuiteRunner.run(SuiteRunner.java:312)
at org.testng.SuiteRunnerWorker.runSuite(SuiteRunnerWorker.java:52)
at org.testng.SuiteRunnerWorker.run(SuiteRunnerWorker.java:95)
at org.testng.TestNG.runSuitesSequentially(TestNG.java:1274)
at org.testng.TestNG.runSuitesLocally(TestNG.java:1208)
at org.testng.TestNG.runSuites(TestNG.java:1112)
at org.testng.TestNG.run(TestNG.java:1079)
at org.testng.remote.AbstractRemoteTestNG.run(AbstractRemoteTestNG.java:115)
at org.testng.remote.RemoteTestNG.initAndRun(RemoteTestNG.java:293)
at org.testng.remote.RemoteTestNG.main(RemoteTestNG.java:91)
]]>
    </failure>
  </testcase> <!-- invalidEmail -->
  <testcase classname="testCases.testCases_MerchantLogin" name="invalidPassword" time="16.946"/>
  <testcase classname="testCases.testCases_MerchantLogin" name="invalidStorename" time="12.242"/>
  <testcase classname="testCases.testCases_MerchantLogin" name="invalidStorenamePassword" time="22.859"/>
  <testcase classname="testCases.testCases_MerchantLogin" name="InvalidEmailPassword" time="30.078"/>
  <testcase classname="testCases.testCases_MerchantLogin" name="invalidStoreNameEmail" time="28.094"/>
  <testcase classname="testCases.testCases_MerchantLogin" name="properErrorMessage" time="17.252"/>
  <testcase classname="testCases.testCases_MerchantLogin" name="blankCredential" time="11.737"/>
  <testcase classname="testCases.testCases_MerchantLogin" name="passwordToggleButton" time="21.058"/>
  <testcase classname="testCases.testCases_MerchantLogin" name="forgetPasswordVisible" time="24.905"/>
  <testcase classname="testCases.testCases_MerchantLogin" name="forgetPasswordClick" time="15.488"/>
  <testcase classname="testCases.testCases_MerchantLogin" name="merchantloginValidCredential" time="11.565"/>
  <testcase classname="testCases.testCases_MerchantLogin" name="merchantloginInValidCredential" time="15.359">
    <failure message="expected [Incorrect Username &amp; Password] but found []" type="java.lang.AssertionError">
      <![CDATA[java.lang.AssertionError: expected [Incorrect Username & Password] but found []
at org.testng.Assert.fail(Assert.java:111)
at org.testng.Assert.failNotEquals(Assert.java:1590)
at org.testng.Assert.assertEqualsImpl(Assert.java:150)
at org.testng.Assert.assertEquals(Assert.java:132)
at org.testng.Assert.assertEquals(Assert.java:656)
at org.testng.Assert.assertEquals(Assert.java:666)
at testCases.testCases_MerchantLogin.merchantloginInValidCredential(testCases_MerchantLogin.java:828)
at java.base/jdk.internal.reflect.DirectMethodHandleAccessor.invoke(DirectMethodHandleAccessor.java:103)
at java.base/java.lang.reflect.Method.invoke(Method.java:580)
at org.testng.internal.invokers.MethodInvocationHelper.invokeMethod(MethodInvocationHelper.java:141)
at org.testng.internal.invokers.TestInvoker.invokeMethod(TestInvoker.java:687)
at org.testng.internal.invokers.TestInvoker.invokeTestMethod(TestInvoker.java:230)
at org.testng.internal.invokers.MethodRunner.runInSequence(MethodRunner.java:63)
at org.testng.internal.invokers.TestInvoker$MethodInvocationAgent.invoke(TestInvoker.java:995)
at org.testng.internal.invokers.TestInvoker.invokeTestMethods(TestInvoker.java:203)
at org.testng.internal.invokers.TestMethodWorker.invokeTestMethods(TestMethodWorker.java:154)
at org.testng.internal.invokers.TestMethodWorker.run(TestMethodWorker.java:134)
at java.base/java.util.ArrayList.forEach(ArrayList.java:1596)
at org.testng.TestRunner.privateRun(TestRunner.java:741)
at org.testng.TestRunner.run(TestRunner.java:616)
at org.testng.SuiteRunner.runTest(SuiteRunner.java:421)
at org.testng.SuiteRunner.runSequentially(SuiteRunner.java:413)
at org.testng.SuiteRunner.privateRun(SuiteRunner.java:373)
at org.testng.SuiteRunner.run(SuiteRunner.java:312)
at org.testng.SuiteRunnerWorker.runSuite(SuiteRunnerWorker.java:52)
at org.testng.SuiteRunnerWorker.run(SuiteRunnerWorker.java:95)
at org.testng.TestNG.runSuitesSequentially(TestNG.java:1274)
at org.testng.TestNG.runSuitesLocally(TestNG.java:1208)
at org.testng.TestNG.runSuites(TestNG.java:1112)
at org.testng.TestNG.run(TestNG.java:1079)
at org.testng.remote.AbstractRemoteTestNG.run(AbstractRemoteTestNG.java:115)
at org.testng.remote.RemoteTestNG.initAndRun(RemoteTestNG.java:293)
at org.testng.remote.RemoteTestNG.main(RemoteTestNG.java:91)
]]>
    </failure>
  </testcase> <!-- merchantloginInValidCredential -->
  <testcase classname="testCases.testCases_MerchantLogin" name="merchantInvalidEmail" time="16.768"/>
  <testcase classname="testCases.testCases_MerchantLogin" name="merchantInvalidPassword" time="16.226"/>
  <testcase classname="testCases.testCases_MerchantLogin" name="merchantInvalidStorename" time="18.275"/>
  <testcase classname="testCases.testCases_MerchantLogin" name="merchantsInvalidStorenamePassword" time="15.021"/>
  <testcase classname="testCases.testCases_MerchantLogin" name="merchantInvalidEmailPassword" time="38.098"/>
  <testcase classname="testCases.testCases_MerchantLogin" name="merchantInvalidStoreNameEmail" time="17.908"/>
</testsuite> <!-- testCases.testCases_MerchantLogin -->
