<?xml version="1.0" encoding="UTF-8"?>
<!-- Generated by org.testng.reporters.JUnitReportReporter -->
<testsuite hostname="LAPTOP-812BO5RM" failures="0" tests="2" name="testCases.testCases_ProductsPage" time="28.051" errors="0" timestamp="2026-03-22T02:28:09 GMT-07:00" skipped="0">
  <testcase classname="testCases.testCases_ProductsPage" name="productListingRowCountAndSampleLink" time="16.416"/>
  <testcase classname="testCases.testCases_ProductsPage" name="addProductFormTitleTooltip" time="11.635"/>
</testsuite> <!-- testCases.testCases_ProductsPage -->
