<?xml version="1.0" encoding="UTF-8"?>
<!-- Generated by org.testng.reporters.JUnitReportReporter -->
<testsuite hostname="DESKTOP-O81F81N" failures="0" tests="1" name="api.testCases.TestCase_DashBoardProfitGenerateViewReport" time="2.888" errors="0" timestamp="2025-08-04T02:08:37 GMT-07:00" skipped="0">
  <testcase classname="api.testCases.TestCase_DashBoardProfitGenerateViewReport" name="profitGenrateViewReport" time="2.888"/>
</testsuite> <!-- api.testCases.TestCase_DashBoardProfitGenerateViewReport -->
