<?xml version="1.0" encoding="UTF-8"?>
<!-- Generated by org.testng.reporters.JUnitReportReporter -->
<testsuite hostname="DESKTOP-O81F81N" failures="0" tests="1" name="api.testCases.TestCase_DashBoardSaleCountViewReport" time="4.104" errors="0" timestamp="2025-07-31T02:34:47 GMT-07:00" skipped="0">
  <testcase classname="api.testCases.TestCase_DashBoardSaleCountViewReport" name="saleCountViewReportDashBoard" time="4.104"/>
</testsuite> <!-- api.testCases.TestCase_DashBoardSaleCountViewReport -->
