<?xml version="1.0" encoding="UTF-8"?>
<!-- Generated by org.testng.reporters.JUnitReportReporter -->
<testsuite hostname="AmanYadav" failures="0" tests="17" name="testCases.testCases_CustomerLogin" time="118.527" errors="0" timestamp="2025-07-10T16:27:02 IST" skipped="0">
  <testcase classname="testCases.testCases_CustomerLogin" name="quickveeLogoAndTextDisplayed" time="6.424"/>
  <testcase classname="testCases.testCases_CustomerLogin" name="forgotPasswordTextClass" time="5.323"/>
  <testcase classname="testCases.testCases_CustomerLogin" name="forgotPasswordClickable" time="5.441"/>
  <testcase classname="testCases.testCases_CustomerLogin" name="orSignInClass" time="5.463"/>
  <testcase classname="testCases.testCases_CustomerLogin" name="validEmailPass" time="7.713"/>
  <testcase classname="testCases.testCases_CustomerLogin" name="InvalidEmailPass" time="8.434"/>
  <testcase classname="testCases.testCases_CustomerLogin" name="invalidEmailValidPass" time="6.932"/>
  <testcase classname="testCases.testCases_CustomerLogin" name="validEmailInvalidPass" time="6.860"/>
  <testcase classname="testCases.testCases_CustomerLogin" name="blankEmailPass" time="6.564"/>
  <testcase classname="testCases.testCases_CustomerLogin" name="blankEmailPass2" time="6.582"/>
  <testcase classname="testCases.testCases_CustomerLogin" name="putEmailBlankPass" time="14.860"/>
  <testcase classname="testCases.testCases_CustomerLogin" name="blankEmailPutPass" time="6.901"/>
  <testcase classname="testCases.testCases_CustomerLogin" name="googleLoginButton" time="5.835"/>
  <testcase classname="testCases.testCases_CustomerLogin" name="checkRegisterCustomerText" time="5.228"/>
  <testcase classname="testCases.testCases_CustomerLogin" name="checkMerchantLoginText" time="5.871"/>
  <testcase classname="testCases.testCases_CustomerLogin" name="clickRegisterNow" time="5.328"/>
  <testcase classname="testCases.testCases_CustomerLogin" name="clickMerchantLogin" time="8.768"/>
</testsuite> <!-- testCases.testCases_CustomerLogin -->
