<?xml version="1.0" encoding="UTF-8"?>
<!-- Generated by org.testng.reporters.JUnitReportReporter -->
<testsuite hostname="DESKTOP-O81F81N" failures="0" tests="10" name="testCases.testCases_CategoryPage" time="83.515" errors="0" timestamp="2026-03-17T01:43:09 PDT" skipped="0">
  <testcase classname="testCases.testCases_CategoryPage" name="categoryList" time="19.918"/>
  <testcase classname="testCases.testCases_CategoryPage" name="newCategory" time="10.633"/>
  <testcase classname="testCases.testCases_CategoryPage" name="verifyCategoryNameMandatory" time="1.895"/>
  <testcase classname="testCases.testCases_CategoryPage" name="verifyCategoryNameUniqueness" time="4.131"/>
  <testcase classname="testCases.testCases_CategoryPage" name="verifyMultipleTaxSelection" time="3.808"/>
  <testcase classname="testCases.testCases_CategoryPage" name="verifyLotteryCheckboxFunctionality" time="1.551"/>
  <testcase classname="testCases.testCases_CategoryPage" name="addCategoryWithLotteryChecked" time="6.413"/>
  <testcase classname="testCases.testCases_CategoryPage" name="validateCategoryDataOnEdit" time="16.962"/>
  <testcase classname="testCases.testCases_CategoryPage" name="verifyQuickaddCategoryTitleNotEditable" time="3.285"/>
  <testcase classname="testCases.testCases_CategoryPage" name="verifyDeleteConfirmationPopupDisplayed" time="14.919"/>
</testsuite> <!-- testCases.testCases_CategoryPage -->
