<?xml version="1.0" encoding="UTF-8"?>
<!-- Generated by org.testng.reporters.JUnitReportReporter -->
<testsuite hostname="AmanYadav" failures="0" tests="6" name="testCases.testCases_ForgotPassword" time="153.722" errors="0" timestamp="2025-07-15T11:49:32 IST" skipped="0">
  <testcase classname="testCases.testCases_ForgotPassword" name="emailSentMessageMerchant" time="34.629"/>
  <testcase classname="testCases.testCases_ForgotPassword" name="emailErrorMessageMerchant" time="23.554"/>
  <testcase classname="testCases.testCases_ForgotPassword" name="invalidEmailFormatMerchant" time="18.150"/>
  <testcase classname="testCases.testCases_ForgotPassword" name="blankEmailMerchant" time="26.276"/>
  <testcase classname="testCases.testCases_ForgotPassword" name="validateResetLinkReceivedInEmailMerchant" time="38.165"/>
  <testcase classname="testCases.testCases_ForgotPassword" name="validateResetEmailTitleAndBodyMerchant" time="12.948"/>
</testsuite> <!-- testCases.testCases_ForgotPassword -->
