<?xml version="1.0" encoding="UTF-8"?>
<!-- Generated by org.testng.reporters.JUnitReportReporter -->
<testsuite hostname="LAPTOP-812BO5RM" failures="0" tests="4" name="testCases.testCases_BrandPage" time="37.135" errors="0" timestamp="2026-03-21T05:38:35 GMT-07:00" skipped="0">
  <testcase classname="testCases.testCases_BrandPage" name="brandListingPageLoads" time="6.821"/>
  <testcase classname="testCases.testCases_BrandPage" name="addNewBrand" time="4.351"/>
  <testcase classname="testCases.testCases_BrandPage" name="verifyBrandNameMandatory" time="2.174"/>
  <testcase classname="testCases.testCases_BrandPage" name="editBrandName" time="23.789"/>
</testsuite> <!-- testCases.testCases_BrandPage -->
