<?xml version="1.0" encoding="UTF-8"?>
<!-- Generated by org.testng.reporters.JUnitReportReporter -->
<testsuite hostname="DESKTOP-O81F81N" failures="0" tests="10" name="testCases.testCases_CategoryPage" time="86.961" errors="0" timestamp="2026-03-20T11:10:54 IST" skipped="0">
  <testcase classname="testCases.testCases_CategoryPage" name="categoryList" time="21.654"/>
  <testcase classname="testCases.testCases_CategoryPage" name="newCategory" time="10.944"/>
  <testcase classname="testCases.testCases_CategoryPage" name="verifyCategoryNameMandatory" time="1.925"/>
  <testcase classname="testCases.testCases_CategoryPage" name="verifyCategoryNameUniqueness" time="4.294"/>
  <testcase classname="testCases.testCases_CategoryPage" name="verifyMultipleTaxSelection" time="3.957"/>
  <testcase classname="testCases.testCases_CategoryPage" name="verifyLotteryCheckboxFunctionality" time="1.581"/>
  <testcase classname="testCases.testCases_CategoryPage" name="addCategoryWithLotteryChecked" time="6.710"/>
  <testcase classname="testCases.testCases_CategoryPage" name="validateCategoryDataOnEdit" time="17.212"/>
  <testcase classname="testCases.testCases_CategoryPage" name="verifyQuickaddCategoryTitleNotEditable" time="3.391"/>
  <testcase classname="testCases.testCases_CategoryPage" name="verifyDeleteConfirmationPopupDisplayed" time="15.293"/>
</testsuite> <!-- testCases.testCases_CategoryPage -->
