<?xml version="1.0" encoding="UTF-8"?>
<!-- Generated by org.testng.reporters.JUnitReportReporter -->
<testsuite hostname="LAPTOP-812BO5RM" failures="0" tests="4" name="testCases.testCases_ProductAttributesPage" time="32.062" errors="0" timestamp="2026-03-21T06:40:33 GMT-07:00" skipped="0">
  <testcase classname="testCases.testCases_ProductAttributesPage" name="productAttributesPageLoadsWithBusinessRules" time="25.231"/>
  <testcase classname="testCases.testCases_ProductAttributesPage" name="addAttributeDialogHeaderAndMandatoryValidation" time="0.830"/>
  <testcase classname="testCases.testCases_ProductAttributesPage" name="firstAttributeRowHasTitleAndEditOpensDialog" time="0.384"/>
  <testcase classname="testCases.testCases_ProductAttributesPage" name="addNewAttribute" time="5.617"/>
</testsuite> <!-- testCases.testCases_ProductAttributesPage -->
