<?xml version="1.0" encoding="UTF-8"?>
<!-- Generated by org.testng.reporters.JUnitReportReporter -->
<testsuite hostname="Apprication" failures="0" tests="17" name="testCases.testCases_CustomerLogin" time="400.316" errors="0" timestamp="2025-06-23T02:11:34 GMT-07:00" skipped="0">
  <testcase classname="testCases.testCases_CustomerLogin" name="quickveeLogoAndTextDisplayed" time="16.129"/>
  <testcase classname="testCases.testCases_CustomerLogin" name="forgotPasswordTextClass" time="20.701"/>
  <testcase classname="testCases.testCases_CustomerLogin" name="forgotPasswordClickable" time="32.470"/>
  <testcase classname="testCases.testCases_CustomerLogin" name="orSignInClass" time="13.603"/>
  <testcase classname="testCases.testCases_CustomerLogin" name="validEmailPass" time="26.933"/>
  <testcase classname="testCases.testCases_CustomerLogin" name="InvalidEmailPass" time="19.041"/>
  <testcase classname="testCases.testCases_CustomerLogin" name="invalidEmailValidPass" time="25.418"/>
  <testcase classname="testCases.testCases_CustomerLogin" name="validEmailInvalidPass" time="25.681"/>
  <testcase classname="testCases.testCases_CustomerLogin" name="blankEmailPass" time="12.532"/>
  <testcase classname="testCases.testCases_CustomerLogin" name="blankEmailPass2" time="40.509"/>
  <testcase classname="testCases.testCases_CustomerLogin" name="putEmailBlankPass" time="39.948"/>
  <testcase classname="testCases.testCases_CustomerLogin" name="blankEmailPutPass" time="19.926"/>
  <testcase classname="testCases.testCases_CustomerLogin" name="googleLoginButton" time="11.052"/>
  <testcase classname="testCases.testCases_CustomerLogin" name="checkRegisterCustomerText" time="27.550"/>
  <testcase classname="testCases.testCases_CustomerLogin" name="checkMerchantLoginText" time="15.330"/>
  <testcase classname="testCases.testCases_CustomerLogin" name="clickRegisterNow" time="35.552"/>
  <testcase classname="testCases.testCases_CustomerLogin" name="clickMerchantLogin" time="17.941"/>
</testsuite> <!-- testCases.testCases_CustomerLogin -->
