<?xml version="1.0" encoding="UTF-8"?>
<!-- Generated by org.testng.reporters.JUnitReportReporter -->
<testsuite hostname="DESKTOP-O81F81N" failures="0" tests="1" name="api.testCases.TestCase_DashBoardAvgOrderValueViewReport" time="2.922" errors="0" timestamp="2025-08-04T02:07:31 GMT-07:00" skipped="0">
  <testcase classname="api.testCases.TestCase_DashBoardAvgOrderValueViewReport" name="avgOrderValueViewReport" time="2.922"/>
</testsuite> <!-- api.testCases.TestCase_DashBoardAvgOrderValueViewReport -->
