<?xml version="1.0" encoding="UTF-8"?>
<!-- Generated by org.testng.reporters.JUnitReportReporter -->
<testsuite hostname="LAPTOP-812BO5RM" failures="0" tests="4" name="testCases.testCases_TagPage" time="34.563" errors="0" timestamp="2026-03-21T05:49:55 GMT-07:00" skipped="0">
  <testcase classname="testCases.testCases_TagPage" name="tagListingPageLoads" time="6.694"/>
  <testcase classname="testCases.testCases_TagPage" name="addNewTag" time="4.316"/>
  <testcase classname="testCases.testCases_TagPage" name="verifyTagNameMandatory" time="2.152"/>
  <testcase classname="testCases.testCases_TagPage" name="editTagName" time="21.401"/>
</testsuite> <!-- testCases.testCases_TagPage -->
