<?xml version="1.0" encoding="UTF-8"?>
<!-- Generated by org.testng.reporters.JUnitReportReporter -->
<testsuite hostname="AmanYadav" failures="1" tests="17" name="testCases.testCases_MerchantLogin" time="219.492" errors="0" timestamp="2025-07-11T16:28:27 IST" skipped="0">
  <testcase classname="testCases.testCases_MerchantLogin" name="validatingCorrectPage" time="9.866"/>
  <testcase classname="testCases.testCases_MerchantLogin" name="quickveeLogoDisplay" time="10.824"/>
  <testcase classname="testCases.testCases_MerchantLogin" name="loginValidCredential" time="12.126"/>
  <testcase classname="testCases.testCases_MerchantLogin" name="loginInValidCredential" time="12.199"/>
  <testcase classname="testCases.testCases_MerchantLogin" name="invalidEmail" time="12.060"/>
  <testcase classname="testCases.testCases_MerchantLogin" name="invalidPassword" time="17.726"/>
  <testcase classname="testCases.testCases_MerchantLogin" name="invalidStorename" time="13.507"/>
  <testcase classname="testCases.testCases_MerchantLogin" name="invalidStorenamePassword" time="13.155"/>
  <testcase classname="testCases.testCases_MerchantLogin" name="InvalidEmailPassword" time="19.824"/>
  <testcase classname="testCases.testCases_MerchantLogin" name="invalidStoreNameEmail" time="12.247"/>
  <testcase classname="testCases.testCases_MerchantLogin" name="properErrorMessage" time="13.241">
    <failure message="expected [Invalid Username] but found [Username is required]" type="java.lang.AssertionError">
      <![CDATA[java.lang.AssertionError: expected [Invalid Username] but found [Username is required]
at org.testng.Assert.fail(Assert.java:111)
at org.testng.Assert.failNotEquals(Assert.java:1590)
at org.testng.Assert.assertEqualsImpl(Assert.java:150)
at org.testng.Assert.assertEquals(Assert.java:132)
at org.testng.Assert.assertEquals(Assert.java:656)
at org.testng.Assert.assertEquals(Assert.java:666)
at testCases.testCases_MerchantLogin.properErrorMessage(testCases_MerchantLogin.java:564)
at java.base/jdk.internal.reflect.DirectMethodHandleAccessor.invoke(DirectMethodHandleAccessor.java:103)
at java.base/java.lang.reflect.Method.invoke(Method.java:580)
at org.testng.internal.invokers.MethodInvocationHelper.invokeMethod(MethodInvocationHelper.java:141)
at org.testng.internal.invokers.TestInvoker.invokeMethod(TestInvoker.java:687)
at org.testng.internal.invokers.TestInvoker.invokeTestMethod(TestInvoker.java:230)
at org.testng.internal.invokers.MethodRunner.runInSequence(MethodRunner.java:63)
at org.testng.internal.invokers.TestInvoker$MethodInvocationAgent.invoke(TestInvoker.java:995)
at org.testng.internal.invokers.TestInvoker.invokeTestMethods(TestInvoker.java:203)
at org.testng.internal.invokers.TestMethodWorker.invokeTestMethods(TestMethodWorker.java:154)
at org.testng.internal.invokers.TestMethodWorker.run(TestMethodWorker.java:134)
at java.base/java.util.ArrayList.forEach(ArrayList.java:1596)
at org.testng.TestRunner.privateRun(TestRunner.java:741)
at org.testng.TestRunner.run(TestRunner.java:616)
at org.testng.SuiteRunner.runTest(SuiteRunner.java:421)
at org.testng.SuiteRunner.runSequentially(SuiteRunner.java:413)
at org.testng.SuiteRunner.privateRun(SuiteRunner.java:373)
at org.testng.SuiteRunner.run(SuiteRunner.java:312)
at org.testng.SuiteRunnerWorker.runSuite(SuiteRunnerWorker.java:52)
at org.testng.SuiteRunnerWorker.run(SuiteRunnerWorker.java:95)
at org.testng.TestNG.runSuitesSequentially(TestNG.java:1274)
at org.testng.TestNG.runSuitesLocally(TestNG.java:1208)
at org.testng.TestNG.runSuites(TestNG.java:1112)
at org.testng.TestNG.run(TestNG.java:1079)
at org.testng.remote.AbstractRemoteTestNG.run(AbstractRemoteTestNG.java:115)
at org.testng.remote.RemoteTestNG.initAndRun(RemoteTestNG.java:293)
at org.testng.remote.RemoteTestNG.main(RemoteTestNG.java:91)
]]>
    </failure>
  </testcase> <!-- properErrorMessage -->
  <testcase classname="testCases.testCases_MerchantLogin" name="blankCredential" time="15.498"/>
  <testcase classname="testCases.testCases_MerchantLogin" name="passwordToggleButton" time="11.867"/>
  <testcase classname="testCases.testCases_MerchantLogin" name="forgetPasswordVisible" time="10.420"/>
  <testcase classname="testCases.testCases_MerchantLogin" name="forgetPasswordClick" time="11.600"/>
  <testcase classname="testCases.testCases_MerchantLogin" name="merchantloginValidCredential" time="11.396"/>
  <testcase classname="testCases.testCases_MerchantLogin" name="merchantloginInValidCredential" time="11.936"/>
</testsuite> <!-- testCases.testCases_MerchantLogin -->
